<?xml version="1.0" encoding="UTF-8"?>
<testsuite xmlns:xsi="http://www.w3.org/2001/XMLSchema-instance" xsi:noNamespaceSchemaLocation="https://maven.apache.org/surefire/maven-surefire-plugin/xsd/surefire-test-report.xsd" name="DocumentStoreImplTest" time="0.022" tests="1" errors="1" skipped="0" failures="0">
  <properties>
[...]
</properties>
  <testcase name="testPutDocBytes" classname="DocumentStoreImplTest" time="0.009">
    <error type="java.lang.IllegalArgumentException">java.lang.IllegalArgumentException
	at DocumentStoreImplTest.testPutDocBytes(DocumentStoreImplTest.java:48)
</error>
  </testcase>
</testsuite>