<?xml version="1.0" encoding="UTF-8"?>
<testsuite xmlns:xsi="http://www.w3.org/2001/XMLSchema-instance" xsi:noNamespaceSchemaLocation="https://maven.apache.org/surefire/maven-surefire-plugin/xsd/surefire-test-report.xsd" name="HashTableImplTest" time="0.034" tests="7" errors="1" skipped="0" failures="0">
  <properties>
[...]
</properties>
  <testcase name="testPutAndGetWithNullValue" classname="HashTableImplTest" time="0.003"/>
  <testcase name="testContainsKey" classname="HashTableImplTest" time="0"/>
  <testcase name="testPutAndGet" classname="HashTableImplTest" time="0"/>
  <testcase name="testDeleteNonExistingKey" classname="HashTableImplTest" time="0"/>
  <testcase name="testDoublingArray" classname="HashTableImplTest" time="0.027">
    <error message="Index 10 out of bounds for length 10" type="java.lang.ArrayIndexOutOfBoundsException">java.lang.ArrayIndexOutOfBoundsException: Index 10 out of bounds for length 10
	at HashTableImplTest.testDoublingArray(HashTableImplTest.java:85)
</error>
  </testcase>
  <testcase name="testDelete" classname="HashTableImplTest" time="0"/>
  <testcase name="testCollisions" classname="HashTableImplTest" time="0.001"/>
</testsuite>